# JRE version: Java(TM) SE Runtime Environment (8.0_45-b15) (build 1.8.0_45-b15)
# Java VM: Java HotSpot(TM) Client VM (25.45-b02 mixed mode windows-x86 )
Heap:
 par new generation   total 118016K, used 14935K [0x03c00000, 0x0bc00000, 0x0bc00000)
  eden space 104960K,  10% used [0x03c00000, 0x0467c808, 0x0a280000)
  from space 13056K,  32% used [0x0af40000, 0x0b359670, 0x0bc00000)
  to   space 13056K,   0% used [0x0a280000, 0x0a280000, 0x0af40000)
 concurrent mark-sweep generation total 917504K, used 100889K [0x0bc00000, 0x43c00000, 0x43c00000)
 Metaspace       used 16436K, capacity 16604K, committed 16640K, reserved 16768K
GC Heap History (10 events):
Event: 42.801 GC heap before
{Heap before GC invocations=9 (full 4):
 par new generation   total 118016K, used 118016K [0x03c00000, 0x0bc00000, 0x0bc00000)
  eden space 104960K, 100% used [0x03c00000, 0x0a280000, 0x0a280000)
  from space 13056K, 100% used [0x0a280000, 0x0af40000, 0x0af40000)
  to   space 13056K,   0% used [0x0af40000, 0x0af40000, 0x0bc00000)
 concurrent mark-sweep generation total 917504K, used 70300K [0x0bc00000, 0x43c00000, 0x43c00000)
 Metaspace       used 14698K, capacity 14892K, committed 14976K, reserved 15744K
Event: 42.860 GC heap after
Heap after GC invocations=10 (full 4):
 par new generation   total 118016K, used 13056K [0x03c00000, 0x0bc00000, 0x0bc00000)
  eden space 104960K,   0% used [0x03c00000, 0x03c00000, 0x0a280000)
  from space 13056K, 100% used [0x0af40000, 0x0bc00000, 0x0bc00000)
  to   space 13056K,   0% used [0x0a280000, 0x0a280000, 0x0af40000)
 concurrent mark-sweep generation total 917504K, used 90420K [0x0bc00000, 0x43c00000, 0x43c00000)
 Metaspace       used 14698K, capacity 14892K, committed 14976K, reserved 15744K
}
Event: 45.141 GC heap before
{Heap before GC invocations=10 (full 4):
 par new generation   total 118016K, used 118016K [0x03c00000, 0x0bc00000, 0x0bc00000)
  eden space 104960K, 100% used [0x03c00000, 0x0a280000, 0x0a280000)
  from space 13056K, 100% used [0x0af40000, 0x0bc00000, 0x0bc00000)
  to   space 13056K,   0% used [0x0a280000, 0x0a280000, 0x0af40000)
 concurrent mark-sweep generation total 917504K, used 90420K [0x0bc00000, 0x43c00000, 0x43c00000)
 Metaspace       used 14703K, capacity 14892K, committed 14976K, reserved 15744K
Event: 45.216 GC heap after
Heap after GC invocations=11 (full 4):
 par new generation   total 118016K, used 13056K [0x03c00000, 0x0bc00000, 0x0bc00000)
  eden space 104960K,   0% used [0x03c00000, 0x03c00000, 0x0a280000)
  from space 13056K, 100% used [0x0a280000, 0x0af40000, 0x0af40000)
  to   space 13056K,   0% used [0x0af40000, 0x0af40000, 0x0bc00000)
 concurrent mark-sweep generation total 917504K, used 113619K [0x0bc00000, 0x43c00000, 0x43c00000)
 Metaspace       used 14703K, capacity 14892K, committed 14976K, reserved 15744K
}
Event: 48.032 GC heap before
{Heap before GC invocations=11 (full 5):
 par new generation   total 118016K, used 118016K [0x03c00000, 0x0bc00000, 0x0bc00000)
  eden space 104960K, 100% used [0x03c00000, 0x0a280000, 0x0a280000)
  from space 13056K, 100% used [0x0a280000, 0x0af40000, 0x0af40000)
  to   space 13056K,   0% used [0x0af40000, 0x0af40000, 0x0bc00000)
 concurrent mark-sweep generation total 917504K, used 113619K [0x0bc00000, 0x43c00000, 0x43c00000)
 Metaspace       used 14703K, capacity 14892K, committed 14976K, reserved 15744K
Event: 48.096 GC heap after
Heap after GC invocations=12 (full 5):
 par new generation   total 118016K, used 13056K [0x03c00000, 0x0bc00000, 0x0bc00000)
  eden space 104960K,   0% used [0x03c00000, 0x03c00000, 0x0a280000)
  from space 13056K, 100% used [0x0af40000, 0x0bc00000, 0x0bc00000)
  to   space 13056K,   0% used [0x0a280000, 0x0a280000, 0x0af40000)
 concurrent mark-sweep generation total 917504K, used 127714K [0x0bc00000, 0x43c00000, 0x43c00000)
 Metaspace       used 14703K, capacity 14892K, committed 14976K, reserved 15744K
}
Event: 50.345 GC heap before
{Heap before GC invocations=12 (full 5):
 par new generation   total 118016K, used 118016K [0x03c00000, 0x0bc00000, 0x0bc00000)
  eden space 104960K, 100% used [0x03c00000, 0x0a280000, 0x0a280000)
  from space 13056K, 100% used [0x0af40000, 0x0bc00000, 0x0bc00000)
  to   space 13056K,   0% used [0x0a280000, 0x0a280000, 0x0af40000)
 concurrent mark-sweep generation total 917504K, used 94316K [0x0bc00000, 0x43c00000, 0x43c00000)
 Metaspace       used 15497K, capacity 15692K, committed 15744K, reserved 15744K
Event: 50.379 GC heap after
Heap after GC invocations=13 (full 5):
 par new generation   total 118016K, used 12145K [0x03c00000, 0x0bc00000, 0x0bc00000)
  eden space 104960K,   0% used [0x03c00000, 0x03c00000, 0x0a280000)
  from space 13056K,  93% used [0x0a280000, 0x0ae5c5c0, 0x0af40000)
  to   space 13056K,   0% used [0x0af40000, 0x0af40000, 0x0bc00000)
 concurrent mark-sweep generation total 917504K, used 97390K [0x0bc00000, 0x43c00000, 0x43c00000)
 Metaspace       used 15497K, capacity 15692K, committed 15744K, reserved 15744K
}
Event: 53.915 GC heap before
{Heap before GC invocations=13 (full 6):
 par new generation   total 118016K, used 117105K [0x03c00000, 0x0bc00000, 0x0bc00000)
  eden space 104960K, 100% used [0x03c00000, 0x0a280000, 0x0a280000)
  from space 13056K,  93% used [0x0a280000, 0x0ae5c5c0, 0x0af40000)
  to   space 13056K,   0% used [0x0af40000, 0x0af40000, 0x0bc00000)
 concurrent mark-sweep generation total 917504K, used 97390K [0x0bc00000, 0x43c00000, 0x43c00000)
 Metaspace       used 16430K, capacity 16604K, committed 16640K, reserved 16768K
Event: 53.938 GC heap after
Heap after GC invocations=14 (full 6):
 par new generation   total 118016K, used 4197K [0x03c00000, 0x0bc00000, 0x0bc00000)
  eden space 104960K,   0% used [0x03c00000, 0x03c00000, 0x0a280000)
  from space 13056K,  32% used [0x0af40000, 0x0b359670, 0x0bc00000)
  to   space 13056K,   0% used [0x0a280000, 0x0a280000, 0x0af40000)
 concurrent mark-sweep generation total 917504K, used 100889K [0x0bc00000, 0x43c00000, 0x43c00000)
 Metaspace       used 16430K, capacity 16604K, committed 16640K, reserved 16768K
}

